<?xml version="1.0" encoding="UTF-8"?>
<testsuite name="com.flashsale.resilient.FlashSaleProductServiceTest" tests="3" skipped="0" failures="0" errors="0" timestamp="2026-09-22T07:03:50" hostname="DESKTOP-7NM2FQJ" time="0.192">
  <properties/>
  <testcase name="Kiểm tra Cache Miss: Truy vấn DB và trả về kết quả chính xác" classname="com.flashsale.resilient.FlashSaleProductServiceTest" time="0.159"/>
  <testcase name="Kiểm tra mô phỏng đồng thời 20 luồng: Đảm bảo dữ liệu nhất quán và không lỗi" classname="com.flashsale.resilient.FlashSaleProductServiceTest" time="0.021"/>
  <testcase name="Kiểm tra Fallback khi Redis sập: Chuyển sang Degraded Mode và bảo vệ DB bằng Rate Limiter" classname="com.flashsale.resilient.FlashSaleProductServiceTest" time="0.007"/>
  <system-out><![CDATA[14:03:39.616 [Test worker] INFO org.springframework.test.context.support.AnnotationConfigContextLoaderUtils -- Could not detect default configuration classes for test class [com.flashsale.resilient.FlashSaleProductServiceTest]: FlashSaleProductServiceTest does not declare any static, non-private, non-final, nested classes annotated with @Configuration.
14:03:39.737 [Test worker] INFO org.springframework.boot.test.context.SpringBootTestContextBootstrapper -- Found @SpringBootConfiguration com.flashsale.resilient.ResilientFlashSaleApplication for test class com.flashsale.resilient.FlashSaleProductServiceTest

  .   ____          _            __ _ _
 /\\ / ___'_ __ _ _(_)_ __  __ _ \ \ \ \
( ( )\___ | '_ | '_| | '_ \/ _` | \ \ \ \
 \\/  ___)| |_)| | | | | || (_| |  ) ) ) )
  '  |____| .__|_| |_|_| |_\__, | / / / /
 =========|_|==============|___/=/_/_/_/

 :: Spring Boot ::                (v3.3.4)

2026-09-22T14:03:40.256+07:00  INFO 14664 --- [resilient-flashsale] [    Test worker] c.f.r.FlashSaleProductServiceTest        : Starting FlashSaleProductServiceTest using Java 21.0.11 with PID 14664 (started by admin in D:\code\Microservice\ss16\ss16_5)
2026-09-22T14:03:40.258+07:00  INFO 14664 --- [resilient-flashsale] [    Test worker] c.f.r.FlashSaleProductServiceTest        : No active profile set, falling back to 1 default profile: "default"
2026-09-22T14:03:41.679+07:00  INFO 14664 --- [resilient-flashsale] [    Test worker] .s.d.r.c.RepositoryConfigurationDelegate : Multiple Spring Data modules found, entering strict repository configuration mode
2026-09-22T14:03:41.680+07:00  INFO 14664 --- [resilient-flashsale] [    Test worker] .s.d.r.c.RepositoryConfigurationDelegate : Bootstrapping Spring Data JPA repositories in DEFAULT mode.
2026-09-22T14:03:41.841+07:00  INFO 14664 --- [resilient-flashsale] [    Test worker] .s.d.r.c.RepositoryConfigurationDelegate : Finished Spring Data repository scanning in 148 ms. Found 1 JPA repository interface.
2026-09-22T14:03:44.728+07:00  INFO 14664 --- [resilient-flashsale] [    Test worker] o.hibernate.jpa.internal.util.LogHelper  : HHH000204: Processing PersistenceUnitInfo [name: default]
2026-09-22T14:03:44.853+07:00  INFO 14664 --- [resilient-flashsale] [    Test worker] org.hibernate.Version                    : HHH000412: Hibernate ORM core version 6.5.3.Final
2026-09-22T14:03:44.910+07:00  INFO 14664 --- [resilient-flashsale] [    Test worker] o.h.c.internal.RegionFactoryInitiator    : HHH000026: Second-level cache disabled
2026-09-22T14:03:45.090+07:00  INFO 14664 --- [resilient-flashsale] [    Test worker] o.s.o.j.p.SpringPersistenceUnitInfo      : No LoadTimeWeaver setup: ignoring JPA class transformer
2026-09-22T14:03:45.130+07:00  INFO 14664 --- [resilient-flashsale] [    Test worker] com.zaxxer.hikari.HikariDataSource       : HikariPool-1 - Starting...
2026-09-22T14:03:45.340+07:00  INFO 14664 --- [resilient-flashsale] [    Test worker] com.zaxxer.hikari.pool.HikariPool        : HikariPool-1 - Added connection conn0: url=jdbc:h2:mem:flashsale_db user=SA
2026-09-22T14:03:45.342+07:00  INFO 14664 --- [resilient-flashsale] [    Test worker] com.zaxxer.hikari.HikariDataSource       : HikariPool-1 - Start completed.
2026-09-22T14:03:45.374+07:00  WARN 14664 --- [resilient-flashsale] [    Test worker] org.hibernate.orm.deprecation            : HHH90000025: H2Dialect does not need to be specified explicitly using 'hibernate.dialect' (remove the property setting and it will be selected by default)
2026-09-22T14:03:46.196+07:00  INFO 14664 --- [resilient-flashsale] [    Test worker] o.h.e.t.j.p.i.JtaPlatformInitiator       : HHH000489: No JTA platform available (set 'hibernate.transaction.jta.platform' to enable JTA platform integration)
2026-09-22T14:03:46.249+07:00  INFO 14664 --- [resilient-flashsale] [    Test worker] j.LocalContainerEntityManagerFactoryBean : Initialized JPA EntityManagerFactory for persistence unit 'default'
2026-09-22T14:03:47.429+07:00  WARN 14664 --- [resilient-flashsale] [    Test worker] JpaBaseConfiguration$JpaWebConfiguration : spring.jpa.open-in-view is enabled by default. Therefore, database queries may be performed during view rendering. Explicitly configure spring.jpa.open-in-view to disable this warning
2026-09-22T14:03:49.649+07:00  INFO 14664 --- [resilient-flashsale] [    Test worker] o.s.b.a.h2.H2ConsoleAutoConfiguration    : H2 console available at '/h2-console'. Database available at 'jdbc:h2:mem:flashsale_db'
2026-09-22T14:03:49.785+07:00  INFO 14664 --- [resilient-flashsale] [    Test worker] o.s.b.a.e.web.EndpointLinksResolver      : Exposing 5 endpoints beneath base path '/actuator'
2026-09-22T14:03:49.885+07:00  INFO 14664 --- [resilient-flashsale] [    Test worker] c.f.r.FlashSaleProductServiceTest        : Started FlashSaleProductServiceTest in 9.968 seconds (process running for 11.367)
2026-09-22T14:03:50.171+07:00  WARN 14664 --- [resilient-flashsale] [    Test worker] c.f.r.s.i.FlashSaleProductServiceImpl    : ===> [REDIS FAILURE DETECTED] Redis gặp sự cố (NullPointerException). Kích hoạt Fallback & Rate Limiter bảo vệ DB cho ID: 1
2026-09-22T14:03:50.173+07:00  INFO 14664 --- [resilient-flashsale] [    Test worker] c.f.r.s.i.FlashSaleProductServiceImpl    : ===> [DEGRADED MODE] Request được cấp quota truy vấn Database trực tiếp cho ID: 1
2026-09-22T14:03:50.211+07:00  WARN 14664 --- [resilient-flashsale] [pool-4-thread-3] c.f.r.s.i.FlashSaleProductServiceImpl    : ===> [REDIS FAILURE DETECTED] Redis gặp sự cố (NullPointerException). Kích hoạt Fallback & Rate Limiter bảo vệ DB cho ID: 1
2026-09-22T14:03:50.211+07:00  WARN 14664 --- [resilient-flashsale] [pool-4-thread-1] c.f.r.s.i.FlashSaleProductServiceImpl    : ===> [REDIS FAILURE DETECTED] Redis gặp sự cố (NullPointerException). Kích hoạt Fallback & Rate Limiter bảo vệ DB cho ID: 1
2026-09-22T14:03:50.212+07:00  WARN 14664 --- [resilient-flashsale] [pool-4-thread-4] c.f.r.s.i.FlashSaleProductServiceImpl    : ===> [REDIS FAILURE DETECTED] Redis gặp sự cố (NullPointerException). Kích hoạt Fallback & Rate Limiter bảo vệ DB cho ID: 1
2026-09-22T14:03:50.212+07:00  INFO 14664 --- [resilient-flashsale] [pool-4-thread-4] c.f.r.s.i.FlashSaleProductServiceImpl    : ===> [DEGRADED MODE] Request được cấp quota truy vấn Database trực tiếp cho ID: 1
2026-09-22T14:03:50.212+07:00  WARN 14664 --- [resilient-flashsale] [pool-4-thread-7] c.f.r.s.i.FlashSaleProductServiceImpl    : ===> [REDIS FAILURE DETECTED] Redis gặp sự cố (NullPointerException). Kích hoạt Fallback & Rate Limiter bảo vệ DB cho ID: 1
2026-09-22T14:03:50.212+07:00  INFO 14664 --- [resilient-flashsale] [pool-4-thread-7] c.f.r.s.i.FlashSaleProductServiceImpl    : ===> [DEGRADED MODE] Request được cấp quota truy vấn Database trực tiếp cho ID: 1
2026-09-22T14:03:50.212+07:00  WARN 14664 --- [resilient-flashsale] [pool-4-thread-2] c.f.r.s.i.FlashSaleProductServiceImpl    : ===> [REDIS FAILURE DETECTED] Redis gặp sự cố (NullPointerException). Kích hoạt Fallback & Rate Limiter bảo vệ DB cho ID: 1
2026-09-22T14:03:50.213+07:00  INFO 14664 --- [resilient-flashsale] [pool-4-thread-2] c.f.r.s.i.FlashSaleProductServiceImpl    : ===> [DEGRADED MODE] Request được cấp quota truy vấn Database trực tiếp cho ID: 1
2026-09-22T14:03:50.214+07:00  WARN 14664 --- [resilient-flashsale] [pool-4-thread-6] c.f.r.s.i.FlashSaleProductServiceImpl    : ===> [REDIS FAILURE DETECTED] Redis gặp sự cố (NullPointerException). Kích hoạt Fallback & Rate Limiter bảo vệ DB cho ID: 1
2026-09-22T14:03:50.214+07:00  WARN 14664 --- [resilient-flashsale] [ool-4-thread-10] c.f.r.s.i.FlashSaleProductServiceImpl    : ===> [REDIS FAILURE DETECTED] Redis gặp sự cố (NullPointerException). Kích hoạt Fallback & Rate Limiter bảo vệ DB cho ID: 1
2026-09-22T14:03:50.214+07:00  INFO 14664 --- [resilient-flashsale] [pool-4-thread-6] c.f.r.s.i.FlashSaleProductServiceImpl    : ===> [DEGRADED MODE] Request được cấp quota truy vấn Database trực tiếp cho ID: 1
2026-09-22T14:03:50.214+07:00  INFO 14664 --- [resilient-flashsale] [ool-4-thread-10] c.f.r.s.i.FlashSaleProductServiceImpl    : ===> [DEGRADED MODE] Request được cấp quota truy vấn Database trực tiếp cho ID: 1
2026-09-22T14:03:50.214+07:00  WARN 14664 --- [resilient-flashsale] [pool-4-thread-5] c.f.r.s.i.FlashSaleProductServiceImpl    : ===> [REDIS FAILURE DETECTED] Redis gặp sự cố (NullPointerException). Kích hoạt Fallback & Rate Limiter bảo vệ DB cho ID: 1
2026-09-22T14:03:50.214+07:00  INFO 14664 --- [resilient-flashsale] [pool-4-thread-3] c.f.r.s.i.FlashSaleProductServiceImpl    : ===> [DEGRADED MODE] Request được cấp quota truy vấn Database trực tiếp cho ID: 1
2026-09-22T14:03:50.214+07:00  INFO 14664 --- [resilient-flashsale] [pool-4-thread-5] c.f.r.s.i.FlashSaleProductServiceImpl    : ===> [DEGRADED MODE] Request được cấp quota truy vấn Database trực tiếp cho ID: 1
2026-09-22T14:03:50.214+07:00  WARN 14664 --- [resilient-flashsale] [pool-4-thread-8] c.f.r.s.i.FlashSaleProductServiceImpl    : ===> [REDIS FAILURE DETECTED] Redis gặp sự cố (NullPointerException). Kích hoạt Fallback & Rate Limiter bảo vệ DB cho ID: 1
2026-09-22T14:03:50.215+07:00  INFO 14664 --- [resilient-flashsale] [pool-4-thread-8] c.f.r.s.i.FlashSaleProductServiceImpl    : ===> [DEGRADED MODE] Request được cấp quota truy vấn Database trực tiếp cho ID: 1
2026-09-22T14:03:50.215+07:00  WARN 14664 --- [resilient-flashsale] [ool-4-thread-11] c.f.r.s.i.FlashSaleProductServiceImpl    : ===> [REDIS FAILURE DETECTED] Redis gặp sự cố (NullPointerException). Kích hoạt Fallback & Rate Limiter bảo vệ DB cho ID: 1
2026-09-22T14:03:50.216+07:00  INFO 14664 --- [resilient-flashsale] [ool-4-thread-11] c.f.r.s.i.FlashSaleProductServiceImpl    : ===> [DEGRADED MODE] Request được cấp quota truy vấn Database trực tiếp cho ID: 1
2026-09-22T14:03:50.216+07:00  WARN 14664 --- [resilient-flashsale] [pool-4-thread-9] c.f.r.s.i.FlashSaleProductServiceImpl    : ===> [REDIS FAILURE DETECTED] Redis gặp sự cố (NullPointerException). Kích hoạt Fallback & Rate Limiter bảo vệ DB cho ID: 1
2026-09-22T14:03:50.216+07:00  INFO 14664 --- [resilient-flashsale] [pool-4-thread-9] c.f.r.s.i.FlashSaleProductServiceImpl    : ===> [DEGRADED MODE] Request được cấp quota truy vấn Database trực tiếp cho ID: 1
2026-09-22T14:03:50.216+07:00  WARN 14664 --- [resilient-flashsale] [ool-4-thread-18] c.f.r.s.i.FlashSaleProductServiceImpl    : ===> [REDIS FAILURE DETECTED] Redis gặp sự cố (NullPointerException). Kích hoạt Fallback & Rate Limiter bảo vệ DB cho ID: 1
2026-09-22T14:03:50.216+07:00  WARN 14664 --- [resilient-flashsale] [ool-4-thread-15] c.f.r.s.i.FlashSaleProductServiceImpl    : ===> [REDIS FAILURE DETECTED] Redis gặp sự cố (NullPointerException). Kích hoạt Fallback & Rate Limiter bảo vệ DB cho ID: 1
2026-09-22T14:03:50.217+07:00  INFO 14664 --- [resilient-flashsale] [ool-4-thread-18] c.f.r.s.i.FlashSaleProductServiceImpl    : ===> [DEGRADED MODE] Request được cấp quota truy vấn Database trực tiếp cho ID: 1
2026-09-22T14:03:50.217+07:00  INFO 14664 --- [resilient-flashsale] [ool-4-thread-15] c.f.r.s.i.FlashSaleProductServiceImpl    : ===> [DEGRADED MODE] Request được cấp quota truy vấn Database trực tiếp cho ID: 1
2026-09-22T14:03:50.217+07:00  WARN 14664 --- [resilient-flashsale] [ool-4-thread-19] c.f.r.s.i.FlashSaleProductServiceImpl    : ===> [REDIS FAILURE DETECTED] Redis gặp sự cố (NullPointerException). Kích hoạt Fallback & Rate Limiter bảo vệ DB cho ID: 1
2026-09-22T14:03:50.217+07:00  WARN 14664 --- [resilient-flashsale] [ool-4-thread-12] c.f.r.s.i.FlashSaleProductServiceImpl    : ===> [REDIS FAILURE DETECTED] Redis gặp sự cố (NullPointerException). Kích hoạt Fallback & Rate Limiter bảo vệ DB cho ID: 1
2026-09-22T14:03:50.218+07:00  INFO 14664 --- [resilient-flashsale] [ool-4-thread-19] c.f.r.s.i.FlashSaleProductServiceImpl    : ===> [DEGRADED MODE] Request được cấp quota truy vấn Database trực tiếp cho ID: 1
2026-09-22T14:03:50.218+07:00  INFO 14664 --- [resilient-flashsale] [ool-4-thread-12] c.f.r.s.i.FlashSaleProductServiceImpl    : ===> [DEGRADED MODE] Request được cấp quota truy vấn Database trực tiếp cho ID: 1
2026-09-22T14:03:50.219+07:00  WARN 14664 --- [resilient-flashsale] [ool-4-thread-13] c.f.r.s.i.FlashSaleProductServiceImpl    : ===> [REDIS FAILURE DETECTED] Redis gặp sự cố (NullPointerException). Kích hoạt Fallback & Rate Limiter bảo vệ DB cho ID: 1
2026-09-22T14:03:50.219+07:00  WARN 14664 --- [resilient-flashsale] [ool-4-thread-17] c.f.r.s.i.FlashSaleProductServiceImpl    : ===> [REDIS FAILURE DETECTED] Redis gặp sự cố (NullPointerException). Kích hoạt Fallback & Rate Limiter bảo vệ DB cho ID: 1
2026-09-22T14:03:50.219+07:00  WARN 14664 --- [resilient-flashsale] [ool-4-thread-14] c.f.r.s.i.FlashSaleProductServiceImpl    : ===> [REDIS FAILURE DETECTED] Redis gặp sự cố (NullPointerException). Kích hoạt Fallback & Rate Limiter bảo vệ DB cho ID: 1
2026-09-22T14:03:50.219+07:00  WARN 14664 --- [resilient-flashsale] [ool-4-thread-16] c.f.r.s.i.FlashSaleProductServiceImpl    : ===> [REDIS FAILURE DETECTED] Redis gặp sự cố (NullPointerException). Kích hoạt Fallback & Rate Limiter bảo vệ DB cho ID: 1
2026-09-22T14:03:50.219+07:00  INFO 14664 --- [resilient-flashsale] [ool-4-thread-17] c.f.r.s.i.FlashSaleProductServiceImpl    : ===> [DEGRADED MODE] Request được cấp quota truy vấn Database trực tiếp cho ID: 1
2026-09-22T14:03:50.220+07:00  INFO 14664 --- [resilient-flashsale] [ool-4-thread-16] c.f.r.s.i.FlashSaleProductServiceImpl    : ===> [DEGRADED MODE] Request được cấp quota truy vấn Database trực tiếp cho ID: 1
2026-09-22T14:03:50.219+07:00  INFO 14664 --- [resilient-flashsale] [ool-4-thread-13] c.f.r.s.i.FlashSaleProductServiceImpl    : ===> [DEGRADED MODE] Request được cấp quota truy vấn Database trực tiếp cho ID: 1
2026-09-22T14:03:50.219+07:00  INFO 14664 --- [resilient-flashsale] [pool-4-thread-1] c.f.r.s.i.FlashSaleProductServiceImpl    : ===> [DEGRADED MODE] Request được cấp quota truy vấn Database trực tiếp cho ID: 1
2026-09-22T14:03:50.220+07:00  INFO 14664 --- [resilient-flashsale] [ool-4-thread-14] c.f.r.s.i.FlashSaleProductServiceImpl    : ===> [DEGRADED MODE] Request được cấp quota truy vấn Database trực tiếp cho ID: 1
2026-09-22T14:03:50.221+07:00  WARN 14664 --- [resilient-flashsale] [ool-4-thread-20] c.f.r.s.i.FlashSaleProductServiceImpl    : ===> [REDIS FAILURE DETECTED] Redis gặp sự cố (NullPointerException). Kích hoạt Fallback & Rate Limiter bảo vệ DB cho ID: 1
2026-09-22T14:03:50.221+07:00  INFO 14664 --- [resilient-flashsale] [ool-4-thread-20] c.f.r.s.i.FlashSaleProductServiceImpl    : ===> [DEGRADED MODE] Request được cấp quota truy vấn Database trực tiếp cho ID: 1
2026-09-22T14:03:50.231+07:00  WARN 14664 --- [resilient-flashsale] [    Test worker] c.f.r.s.i.FlashSaleProductServiceImpl    : ===> [REDIS FAILURE DETECTED] Redis gặp sự cố (RedisConnectionFailureException). Kích hoạt Fallback & Rate Limiter bảo vệ DB cho ID: 1
2026-09-22T14:03:50.232+07:00  INFO 14664 --- [resilient-flashsale] [    Test worker] c.f.r.s.i.FlashSaleProductServiceImpl    : ===> [DEGRADED MODE] Request được cấp quota truy vấn Database trực tiếp cho ID: 1
]]></system-out>
  <system-err><![CDATA[WARNING: A Java agent has been loaded dynamically (C:\Users\admin\.gradle\caches\modules-2\files-2.1\net.bytebuddy\byte-buddy-agent\1.14.19\154da3a65b4f4a909d3e5bdec55d1b2b4cbb6ce1\byte-buddy-agent-1.14.19.jar)
WARNING: If a serviceability tool is in use, please run with -XX:+EnableDynamicAgentLoading to hide this warning
WARNING: If a serviceability tool is not in use, please run with -Djdk.instrument.traceUsage for more information
WARNING: Dynamic loading of agents will be disallowed by default in a future release
]]></system-err>
</testsuite>
